<?xml version="1.0" encoding="UTF-8"?>
<testsuite xmlns:xsi="http://www.w3.org/2001/XMLSchema-instance" xsi:noNamespaceSchemaLocation="https://maven.apache.org/surefire/maven-surefire-plugin/xsd/surefire-test-report.xsd" name="cn.zhishu.finance.creaditcard.query.BaseTest" time="0.616" tests="1" errors="1" skipped="0" failures="0">
  <properties>
    <property name="sun.desktop" value="windows"/>
    <property name="awt.toolkit" value="sun.awt.windows.WToolkit"/>
    <property name="file.encoding.pkg" value="sun.io"/>
    <property name="java.specification.version" value="1.8"/>
    <property name="sun.cpu.isalist" value="amd64"/>
    <property name="sun.jnu.encoding" value="GBK"/>
    <property name="java.class.path" value="F:\zhishu\jiuyoujueyu\target\test-classes;F:\zhishu\jiuyoujueyu\target\classes;F:\zhishu\repository\org\springframework\boot\spring-boot-starter-thymeleaf\2.0.4.RELEASE\spring-boot-starter-thymeleaf-2.0.4.RELEASE.jar;F:\zhishu\repository\org\springframework\boot\spring-boot-starter\2.0.4.RELEASE\spring-boot-starter-2.0.4.RELEASE.jar;F:\zhishu\repository\org\springframework\boot\spring-boot\2.0.4.RELEASE\spring-boot-2.0.4.RELEASE.jar;F:\zhishu\repository\org\springframework\boot\spring-boot-autoconfigure\2.0.4.RELEASE\spring-boot-autoconfigure-2.0.4.RELEASE.jar;F:\zhishu\repository\org\springframework\boot\spring-boot-starter-logging\2.0.4.RELEASE\spring-boot-starter-logging-2.0.4.RELEASE.jar;F:\zhishu\repository\ch\qos\logback\logback-classic\1.2.3\logback-classic-1.2.3.jar;F:\zhishu\repository\ch\qos\logback\logback-core\1.2.3\logback-core-1.2.3.jar;F:\zhishu\repository\org\apache\logging\log4j\log4j-to-slf4j\2.10.0\log4j-to-slf4j-2.10.0.jar;F:\zhishu\repository\org\apache\logging\log4j\log4j-api\2.10.0\log4j-api-2.10.0.jar;F:\zhishu\repository\org\slf4j\jul-to-slf4j\1.7.25\jul-to-slf4j-1.7.25.jar;F:\zhishu\repository\javax\annotation\javax.annotation-api\1.3.2\javax.annotation-api-1.3.2.jar;F:\zhishu\repository\org\yaml\snakeyaml\1.19\snakeyaml-1.19.jar;F:\zhishu\repository\org\thymeleaf\thymeleaf-spring5\3.0.9.RELEASE\thymeleaf-spring5-3.0.9.RELEASE.jar;F:\zhishu\repository\org\thymeleaf\thymeleaf\3.0.9.RELEASE\thymeleaf-3.0.9.RELEASE.jar;F:\zhishu\repository\org\attoparser\attoparser\2.0.4.RELEASE\attoparser-2.0.4.RELEASE.jar;F:\zhishu\repository\org\unbescape\unbescape\1.1.5.RELEASE\unbescape-1.1.5.RELEASE.jar;F:\zhishu\repository\org\slf4j\slf4j-api\1.7.25\slf4j-api-1.7.25.jar;F:\zhishu\repository\org\thymeleaf\extras\thymeleaf-extras-java8time\3.0.1.RELEASE\thymeleaf-extras-java8time-3.0.1.RELEASE.jar;F:\zhishu\repository\org\springframework\boot\spring-boot-starter-aop\2.0.4.RELEASE\spring-boot-starter-aop-2.0.4.RELEASE.jar;F:\zhishu\repository\org\springframework\spring-aop\5.0.8.RELEASE\spring-aop-5.0.8.RELEASE.jar;F:\zhishu\repository\org\springframework\spring-beans\5.0.8.RELEASE\spring-beans-5.0.8.RELEASE.jar;F:\zhishu\repository\org\aspectj\aspectjweaver\1.8.13\aspectjweaver-1.8.13.jar;F:\zhishu\repository\org\springframework\boot\spring-boot-starter-data-redis\2.0.4.RELEASE\spring-boot-starter-data-redis-2.0.4.RELEASE.jar;F:\zhishu\repository\org\springframework\data\spring-data-redis\2.0.9.RELEASE\spring-data-redis-2.0.9.RELEASE.jar;F:\zhishu\repository\org\springframework\data\spring-data-keyvalue\2.0.9.RELEASE\spring-data-keyvalue-2.0.9.RELEASE.jar;F:\zhishu\repository\org\springframework\data\spring-data-commons\2.0.9.RELEASE\spring-data-commons-2.0.9.RELEASE.jar;F:\zhishu\repository\org\springframework\spring-tx\5.0.8.RELEASE\spring-tx-5.0.8.RELEASE.jar;F:\zhishu\repository\org\springframework\spring-oxm\5.0.8.RELEASE\spring-oxm-5.0.8.RELEASE.jar;F:\zhishu\repository\io\lettuce\lettuce-core\5.0.4.RELEASE\lettuce-core-5.0.4.RELEASE.jar;F:\zhishu\repository\io\projectreactor\reactor-core\3.1.8.RELEASE\reactor-core-3.1.8.RELEASE.jar;F:\zhishu\repository\org\reactivestreams\reactive-streams\1.0.2\reactive-streams-1.0.2.jar;F:\zhishu\repository\io\netty\netty-common\4.1.27.Final\netty-common-4.1.27.Final.jar;F:\zhishu\repository\io\netty\netty-transport\4.1.27.Final\netty-transport-4.1.27.Final.jar;F:\zhishu\repository\io\netty\netty-buffer\4.1.27.Final\netty-buffer-4.1.27.Final.jar;F:\zhishu\repository\io\netty\netty-resolver\4.1.27.Final\netty-resolver-4.1.27.Final.jar;F:\zhishu\repository\io\netty\netty-handler\4.1.27.Final\netty-handler-4.1.27.Final.jar;F:\zhishu\repository\io\netty\netty-codec\4.1.27.Final\netty-codec-4.1.27.Final.jar;F:\zhishu\repository\org\springframework\boot\spring-boot-starter-data-redis-reactive\2.0.4.RELEASE\spring-boot-starter-data-redis-reactive-2.0.4.RELEASE.jar;F:\zhishu\repository\org\springframework\boot\spring-boot-starter-mail\2.0.4.RELEASE\spring-boot-starter-mail-2.0.4.RELEASE.jar;F:\zhishu\repository\org\springframework\spring-context\5.0.8.RELEASE\spring-context-5.0.8.RELEASE.jar;F:\zhishu\repository\org\springframework\spring-expression\5.0.8.RELEASE\spring-expression-5.0.8.RELEASE.jar;F:\zhishu\repository\org\springframework\spring-context-support\5.0.8.RELEASE\spring-context-support-5.0.8.RELEASE.jar;F:\zhishu\repository\com\sun\mail\javax.mail\1.6.1\javax.mail-1.6.1.jar;F:\zhishu\repository\javax\activation\activation\1.1\activation-1.1.jar;F:\zhishu\repository\org\springframework\boot\spring-boot-starter-web\2.0.4.RELEASE\spring-boot-starter-web-2.0.4.RELEASE.jar;F:\zhishu\repository\org\springframework\boot\spring-boot-starter-json\2.0.4.RELEASE\spring-boot-starter-json-2.0.4.RELEASE.jar;F:\zhishu\repository\com\fasterxml\jackson\core\jackson-databind\2.9.6\jackson-databind-2.9.6.jar;F:\zhishu\repository\com\fasterxml\jackson\core\jackson-annotations\2.9.0\jackson-annotations-2.9.0.jar;F:\zhishu\repository\com\fasterxml\jackson\core\jackson-core\2.9.6\jackson-core-2.9.6.jar;F:\zhishu\repository\com\fasterxml\jackson\datatype\jackson-datatype-jdk8\2.9.6\jackson-datatype-jdk8-2.9.6.jar;F:\zhishu\repository\com\fasterxml\jackson\datatype\jackson-datatype-jsr310\2.9.6\jackson-datatype-jsr310-2.9.6.jar;F:\zhishu\repository\com\fasterxml\jackson\module\jackson-module-parameter-names\2.9.6\jackson-module-parameter-names-2.9.6.jar;F:\zhishu\repository\org\springframework\boot\spring-boot-starter-tomcat\2.0.4.RELEASE\spring-boot-starter-tomcat-2.0.4.RELEASE.jar;F:\zhishu\repository\org\apache\tomcat\embed\tomcat-embed-core\8.5.32\tomcat-embed-core-8.5.32.jar;F:\zhishu\repository\org\apache\tomcat\embed\tomcat-embed-el\8.5.32\tomcat-embed-el-8.5.32.jar;F:\zhishu\repository\org\apache\tomcat\embed\tomcat-embed-websocket\8.5.32\tomcat-embed-websocket-8.5.32.jar;F:\zhishu\repository\org\hibernate\validator\hibernate-validator\6.0.11.Final\hibernate-validator-6.0.11.Final.jar;F:\zhishu\repository\javax\validation\validation-api\2.0.1.Final\validation-api-2.0.1.Final.jar;F:\zhishu\repository\org\jboss\logging\jboss-logging\3.3.2.Final\jboss-logging-3.3.2.Final.jar;F:\zhishu\repository\com\fasterxml\classmate\1.3.4\classmate-1.3.4.jar;F:\zhishu\repository\org\springframework\spring-web\5.0.8.RELEASE\spring-web-5.0.8.RELEASE.jar;F:\zhishu\repository\org\springframework\spring-webmvc\5.0.8.RELEASE\spring-webmvc-5.0.8.RELEASE.jar;F:\zhishu\repository\org\mybatis\spring\boot\mybatis-spring-boot-starter\1.3.2\mybatis-spring-boot-starter-1.3.2.jar;F:\zhishu\repository\org\springframework\boot\spring-boot-starter-jdbc\2.0.4.RELEASE\spring-boot-starter-jdbc-2.0.4.RELEASE.jar;F:\zhishu\repository\com\zaxxer\HikariCP\2.7.9\HikariCP-2.7.9.jar;F:\zhishu\repository\org\springframework\spring-jdbc\5.0.8.RELEASE\spring-jdbc-5.0.8.RELEASE.jar;F:\zhishu\repository\org\mybatis\spring\boot\mybatis-spring-boot-autoconfigure\1.3.2\mybatis-spring-boot-autoconfigure-1.3.2.jar;F:\zhishu\repository\org\mybatis\mybatis\3.4.6\mybatis-3.4.6.jar;F:\zhishu\repository\org\mybatis\mybatis-spring\1.3.2\mybatis-spring-1.3.2.jar;F:\zhishu\repository\mysql\mysql-connector-java\5.1.46\mysql-connector-java-5.1.46.jar;F:\zhishu\repository\org\projectlombok\lombok\1.16.22\lombok-1.16.22.jar;F:\zhishu\repository\org\apache\commons\commons-collections4\4.2\commons-collections4-4.2.jar;F:\zhishu\repository\org\jsoup\jsoup\1.11.2\jsoup-1.11.2.jar;F:\zhishu\repository\org\apache\httpcomponents\httpclient\4.5.5\httpclient-4.5.5.jar;F:\zhishu\repository\org\apache\httpcomponents\httpcore\4.4.10\httpcore-4.4.10.jar;F:\zhishu\repository\commons-codec\commons-codec\1.11\commons-codec-1.11.jar;F:\zhishu\repository\org\springframework\boot\spring-boot-starter-test\2.0.4.RELEASE\spring-boot-starter-test-2.0.4.RELEASE.jar;F:\zhishu\repository\org\springframework\boot\spring-boot-test\2.0.4.RELEASE\spring-boot-test-2.0.4.RELEASE.jar;F:\zhishu\repository\org\springframework\boot\spring-boot-test-autoconfigure\2.0.4.RELEASE\spring-boot-test-autoconfigure-2.0.4.RELEASE.jar;F:\zhishu\repository\com\jayway\jsonpath\json-path\2.4.0\json-path-2.4.0.jar;F:\zhishu\repository\net\minidev\json-smart\2.3\json-smart-2.3.jar;F:\zhishu\repository\net\minidev\accessors-smart\1.2\accessors-smart-1.2.jar;F:\zhishu\repository\org\ow2\asm\asm\5.0.4\asm-5.0.4.jar;F:\zhishu\repository\junit\junit\4.12\junit-4.12.jar;F:\zhishu\repository\org\assertj\assertj-core\3.9.1\assertj-core-3.9.1.jar;F:\zhishu\repository\org\mockito\mockito-core\2.15.0\mockito-core-2.15.0.jar;F:\zhishu\repository\net\bytebuddy\byte-buddy\1.7.11\byte-buddy-1.7.11.jar;F:\zhishu\repository\net\bytebuddy\byte-buddy-agent\1.7.11\byte-buddy-agent-1.7.11.jar;F:\zhishu\repository\org\objenesis\objenesis\2.6\objenesis-2.6.jar;F:\zhishu\repository\org\hamcrest\hamcrest-core\1.3\hamcrest-core-1.3.jar;F:\zhishu\repository\org\hamcrest\hamcrest-library\1.3\hamcrest-library-1.3.jar;F:\zhishu\repository\org\skyscreamer\jsonassert\1.5.0\jsonassert-1.5.0.jar;F:\zhishu\repository\com\vaadin\external\google\android-json\0.0.20131108.vaadin1\android-json-0.0.20131108.vaadin1.jar;F:\zhishu\repository\org\springframework\spring-core\5.0.8.RELEASE\spring-core-5.0.8.RELEASE.jar;F:\zhishu\repository\org\springframework\spring-jcl\5.0.8.RELEASE\spring-jcl-5.0.8.RELEASE.jar;F:\zhishu\repository\org\springframework\spring-test\5.0.8.RELEASE\spring-test-5.0.8.RELEASE.jar;F:\zhishu\repository\org\xmlunit\xmlunit-core\2.5.1\xmlunit-core-2.5.1.jar;F:\zhishu\repository\com\alibaba\fastjson\1.2.45\fastjson-1.2.45.jar;F:\zhishu\repository\redis\clients\jedis\2.9.0\jedis-2.9.0.jar;F:\zhishu\repository\org\apache\commons\commons-pool2\2.5.0\commons-pool2-2.5.0.jar;"/>
    <property name="java.vm.vendor" value="Oracle Corporation"/>
    <property name="sun.arch.data.model" value="64"/>
    <property name="user.variant" value=""/>
    <property name="java.vendor.url" value="http://java.oracle.com/"/>
    <property name="user.timezone" value=""/>
    <property name="java.vm.specification.version" value="1.8"/>
    <property name="os.name" value="Windows 10"/>
    <property name="user.country" value="CN"/>
    <property name="sun.java.launcher" value="SUN_STANDARD"/>
    <property name="sun.boot.library.path" value="F:\jdk1.8.0_171\jre\bin"/>
    <property name="sun.java.command" value="C:\Users\jun\AppData\Local\Temp\surefire8781003355652992519\surefirebooter3276197679154893863.jar C:\Users\jun\AppData\Local\Temp\surefire8781003355652992519 2019-08-10T18-41-17_404-jvmRun1 surefire1345676982602687644tmp surefire_06817201288567456657tmp"/>
    <property name="surefire.test.class.path" value="F:\zhishu\jiuyoujueyu\target\test-classes;F:\zhishu\jiuyoujueyu\target\classes;F:\zhishu\repository\org\springframework\boot\spring-boot-starter-thymeleaf\2.0.4.RELEASE\spring-boot-starter-thymeleaf-2.0.4.RELEASE.jar;F:\zhishu\repository\org\springframework\boot\spring-boot-starter\2.0.4.RELEASE\spring-boot-starter-2.0.4.RELEASE.jar;F:\zhishu\repository\org\springframework\boot\spring-boot\2.0.4.RELEASE\spring-boot-2.0.4.RELEASE.jar;F:\zhishu\repository\org\springframework\boot\spring-boot-autoconfigure\2.0.4.RELEASE\spring-boot-autoconfigure-2.0.4.RELEASE.jar;F:\zhishu\repository\org\springframework\boot\spring-boot-starter-logging\2.0.4.RELEASE\spring-boot-starter-logging-2.0.4.RELEASE.jar;F:\zhishu\repository\ch\qos\logback\logback-classic\1.2.3\logback-classic-1.2.3.jar;F:\zhishu\repository\ch\qos\logback\logback-core\1.2.3\logback-core-1.2.3.jar;F:\zhishu\repository\org\apache\logging\log4j\log4j-to-slf4j\2.10.0\log4j-to-slf4j-2.10.0.jar;F:\zhishu\repository\org\apache\logging\log4j\log4j-api\2.10.0\log4j-api-2.10.0.jar;F:\zhishu\repository\org\slf4j\jul-to-slf4j\1.7.25\jul-to-slf4j-1.7.25.jar;F:\zhishu\repository\javax\annotation\javax.annotation-api\1.3.2\javax.annotation-api-1.3.2.jar;F:\zhishu\repository\org\yaml\snakeyaml\1.19\snakeyaml-1.19.jar;F:\zhishu\repository\org\thymeleaf\thymeleaf-spring5\3.0.9.RELEASE\thymeleaf-spring5-3.0.9.RELEASE.jar;F:\zhishu\repository\org\thymeleaf\thymeleaf\3.0.9.RELEASE\thymeleaf-3.0.9.RELEASE.jar;F:\zhishu\repository\org\attoparser\attoparser\2.0.4.RELEASE\attoparser-2.0.4.RELEASE.jar;F:\zhishu\repository\org\unbescape\unbescape\1.1.5.RELEASE\unbescape-1.1.5.RELEASE.jar;F:\zhishu\repository\org\slf4j\slf4j-api\1.7.25\slf4j-api-1.7.25.jar;F:\zhishu\repository\org\thymeleaf\extras\thymeleaf-extras-java8time\3.0.1.RELEASE\thymeleaf-extras-java8time-3.0.1.RELEASE.jar;F:\zhishu\repository\org\springframework\boot\spring-boot-starter-aop\2.0.4.RELEASE\spring-boot-starter-aop-2.0.4.RELEASE.jar;F:\zhishu\repository\org\springframework\spring-aop\5.0.8.RELEASE\spring-aop-5.0.8.RELEASE.jar;F:\zhishu\repository\org\springframework\spring-beans\5.0.8.RELEASE\spring-beans-5.0.8.RELEASE.jar;F:\zhishu\repository\org\aspectj\aspectjweaver\1.8.13\aspectjweaver-1.8.13.jar;F:\zhishu\repository\org\springframework\boot\spring-boot-starter-data-redis\2.0.4.RELEASE\spring-boot-starter-data-redis-2.0.4.RELEASE.jar;F:\zhishu\repository\org\springframework\data\spring-data-redis\2.0.9.RELEASE\spring-data-redis-2.0.9.RELEASE.jar;F:\zhishu\repository\org\springframework\data\spring-data-keyvalue\2.0.9.RELEASE\spring-data-keyvalue-2.0.9.RELEASE.jar;F:\zhishu\repository\org\springframework\data\spring-data-commons\2.0.9.RELEASE\spring-data-commons-2.0.9.RELEASE.jar;F:\zhishu\repository\org\springframework\spring-tx\5.0.8.RELEASE\spring-tx-5.0.8.RELEASE.jar;F:\zhishu\repository\org\springframework\spring-oxm\5.0.8.RELEASE\spring-oxm-5.0.8.RELEASE.jar;F:\zhishu\repository\io\lettuce\lettuce-core\5.0.4.RELEASE\lettuce-core-5.0.4.RELEASE.jar;F:\zhishu\repository\io\projectreactor\reactor-core\3.1.8.RELEASE\reactor-core-3.1.8.RELEASE.jar;F:\zhishu\repository\org\reactivestreams\reactive-streams\1.0.2\reactive-streams-1.0.2.jar;F:\zhishu\repository\io\netty\netty-common\4.1.27.Final\netty-common-4.1.27.Final.jar;F:\zhishu\repository\io\netty\netty-transport\4.1.27.Final\netty-transport-4.1.27.Final.jar;F:\zhishu\repository\io\netty\netty-buffer\4.1.27.Final\netty-buffer-4.1.27.Final.jar;F:\zhishu\repository\io\netty\netty-resolver\4.1.27.Final\netty-resolver-4.1.27.Final.jar;F:\zhishu\repository\io\netty\netty-handler\4.1.27.Final\netty-handler-4.1.27.Final.jar;F:\zhishu\repository\io\netty\netty-codec\4.1.27.Final\netty-codec-4.1.27.Final.jar;F:\zhishu\repository\org\springframework\boot\spring-boot-starter-data-redis-reactive\2.0.4.RELEASE\spring-boot-starter-data-redis-reactive-2.0.4.RELEASE.jar;F:\zhishu\repository\org\springframework\boot\spring-boot-starter-mail\2.0.4.RELEASE\spring-boot-starter-mail-2.0.4.RELEASE.jar;F:\zhishu\repository\org\springframework\spring-context\5.0.8.RELEASE\spring-context-5.0.8.RELEASE.jar;F:\zhishu\repository\org\springframework\spring-expression\5.0.8.RELEASE\spring-expression-5.0.8.RELEASE.jar;F:\zhishu\repository\org\springframework\spring-context-support\5.0.8.RELEASE\spring-context-support-5.0.8.RELEASE.jar;F:\zhishu\repository\com\sun\mail\javax.mail\1.6.1\javax.mail-1.6.1.jar;F:\zhishu\repository\javax\activation\activation\1.1\activation-1.1.jar;F:\zhishu\repository\org\springframework\boot\spring-boot-starter-web\2.0.4.RELEASE\spring-boot-starter-web-2.0.4.RELEASE.jar;F:\zhishu\repository\org\springframework\boot\spring-boot-starter-json\2.0.4.RELEASE\spring-boot-starter-json-2.0.4.RELEASE.jar;F:\zhishu\repository\com\fasterxml\jackson\core\jackson-databind\2.9.6\jackson-databind-2.9.6.jar;F:\zhishu\repository\com\fasterxml\jackson\core\jackson-annotations\2.9.0\jackson-annotations-2.9.0.jar;F:\zhishu\repository\com\fasterxml\jackson\core\jackson-core\2.9.6\jackson-core-2.9.6.jar;F:\zhishu\repository\com\fasterxml\jackson\datatype\jackson-datatype-jdk8\2.9.6\jackson-datatype-jdk8-2.9.6.jar;F:\zhishu\repository\com\fasterxml\jackson\datatype\jackson-datatype-jsr310\2.9.6\jackson-datatype-jsr310-2.9.6.jar;F:\zhishu\repository\com\fasterxml\jackson\module\jackson-module-parameter-names\2.9.6\jackson-module-parameter-names-2.9.6.jar;F:\zhishu\repository\org\springframework\boot\spring-boot-starter-tomcat\2.0.4.RELEASE\spring-boot-starter-tomcat-2.0.4.RELEASE.jar;F:\zhishu\repository\org\apache\tomcat\embed\tomcat-embed-core\8.5.32\tomcat-embed-core-8.5.32.jar;F:\zhishu\repository\org\apache\tomcat\embed\tomcat-embed-el\8.5.32\tomcat-embed-el-8.5.32.jar;F:\zhishu\repository\org\apache\tomcat\embed\tomcat-embed-websocket\8.5.32\tomcat-embed-websocket-8.5.32.jar;F:\zhishu\repository\org\hibernate\validator\hibernate-validator\6.0.11.Final\hibernate-validator-6.0.11.Final.jar;F:\zhishu\repository\javax\validation\validation-api\2.0.1.Final\validation-api-2.0.1.Final.jar;F:\zhishu\repository\org\jboss\logging\jboss-logging\3.3.2.Final\jboss-logging-3.3.2.Final.jar;F:\zhishu\repository\com\fasterxml\classmate\1.3.4\classmate-1.3.4.jar;F:\zhishu\repository\org\springframework\spring-web\5.0.8.RELEASE\spring-web-5.0.8.RELEASE.jar;F:\zhishu\repository\org\springframework\spring-webmvc\5.0.8.RELEASE\spring-webmvc-5.0.8.RELEASE.jar;F:\zhishu\repository\org\mybatis\spring\boot\mybatis-spring-boot-starter\1.3.2\mybatis-spring-boot-starter-1.3.2.jar;F:\zhishu\repository\org\springframework\boot\spring-boot-starter-jdbc\2.0.4.RELEASE\spring-boot-starter-jdbc-2.0.4.RELEASE.jar;F:\zhishu\repository\com\zaxxer\HikariCP\2.7.9\HikariCP-2.7.9.jar;F:\zhishu\repository\org\springframework\spring-jdbc\5.0.8.RELEASE\spring-jdbc-5.0.8.RELEASE.jar;F:\zhishu\repository\org\mybatis\spring\boot\mybatis-spring-boot-autoconfigure\1.3.2\mybatis-spring-boot-autoconfigure-1.3.2.jar;F:\zhishu\repository\org\mybatis\mybatis\3.4.6\mybatis-3.4.6.jar;F:\zhishu\repository\org\mybatis\mybatis-spring\1.3.2\mybatis-spring-1.3.2.jar;F:\zhishu\repository\mysql\mysql-connector-java\5.1.46\mysql-connector-java-5.1.46.jar;F:\zhishu\repository\org\projectlombok\lombok\1.16.22\lombok-1.16.22.jar;F:\zhishu\repository\org\apache\commons\commons-collections4\4.2\commons-collections4-4.2.jar;F:\zhishu\repository\org\jsoup\jsoup\1.11.2\jsoup-1.11.2.jar;F:\zhishu\repository\org\apache\httpcomponents\httpclient\4.5.5\httpclient-4.5.5.jar;F:\zhishu\repository\org\apache\httpcomponents\httpcore\4.4.10\httpcore-4.4.10.jar;F:\zhishu\repository\commons-codec\commons-codec\1.11\commons-codec-1.11.jar;F:\zhishu\repository\org\springframework\boot\spring-boot-starter-test\2.0.4.RELEASE\spring-boot-starter-test-2.0.4.RELEASE.jar;F:\zhishu\repository\org\springframework\boot\spring-boot-test\2.0.4.RELEASE\spring-boot-test-2.0.4.RELEASE.jar;F:\zhishu\repository\org\springframework\boot\spring-boot-test-autoconfigure\2.0.4.RELEASE\spring-boot-test-autoconfigure-2.0.4.RELEASE.jar;F:\zhishu\repository\com\jayway\jsonpath\json-path\2.4.0\json-path-2.4.0.jar;F:\zhishu\repository\net\minidev\json-smart\2.3\json-smart-2.3.jar;F:\zhishu\repository\net\minidev\accessors-smart\1.2\accessors-smart-1.2.jar;F:\zhishu\repository\org\ow2\asm\asm\5.0.4\asm-5.0.4.jar;F:\zhishu\repository\junit\junit\4.12\junit-4.12.jar;F:\zhishu\repository\org\assertj\assertj-core\3.9.1\assertj-core-3.9.1.jar;F:\zhishu\repository\org\mockito\mockito-core\2.15.0\mockito-core-2.15.0.jar;F:\zhishu\repository\net\bytebuddy\byte-buddy\1.7.11\byte-buddy-1.7.11.jar;F:\zhishu\repository\net\bytebuddy\byte-buddy-agent\1.7.11\byte-buddy-agent-1.7.11.jar;F:\zhishu\repository\org\objenesis\objenesis\2.6\objenesis-2.6.jar;F:\zhishu\repository\org\hamcrest\hamcrest-core\1.3\hamcrest-core-1.3.jar;F:\zhishu\repository\org\hamcrest\hamcrest-library\1.3\hamcrest-library-1.3.jar;F:\zhishu\repository\org\skyscreamer\jsonassert\1.5.0\jsonassert-1.5.0.jar;F:\zhishu\repository\com\vaadin\external\google\android-json\0.0.20131108.vaadin1\android-json-0.0.20131108.vaadin1.jar;F:\zhishu\repository\org\springframework\spring-core\5.0.8.RELEASE\spring-core-5.0.8.RELEASE.jar;F:\zhishu\repository\org\springframework\spring-jcl\5.0.8.RELEASE\spring-jcl-5.0.8.RELEASE.jar;F:\zhishu\repository\org\springframework\spring-test\5.0.8.RELEASE\spring-test-5.0.8.RELEASE.jar;F:\zhishu\repository\org\xmlunit\xmlunit-core\2.5.1\xmlunit-core-2.5.1.jar;F:\zhishu\repository\com\alibaba\fastjson\1.2.45\fastjson-1.2.45.jar;F:\zhishu\repository\redis\clients\jedis\2.9.0\jedis-2.9.0.jar;F:\zhishu\repository\org\apache\commons\commons-pool2\2.5.0\commons-pool2-2.5.0.jar;"/>
    <property name="sun.cpu.endian" value="little"/>
    <property name="user.home" value="C:\Users\jun"/>
    <property name="user.language" value="zh"/>
    <property name="java.specification.vendor" value="Oracle Corporation"/>
    <property name="java.home" value="F:\jdk1.8.0_171\jre"/>
    <property name="basedir" value="F:\zhishu\jiuyoujueyu"/>
    <property name="file.separator" value="\"/>
    <property name="line.separator" value="&#10;"/>
    <property name="java.vm.specification.vendor" value="Oracle Corporation"/>
    <property name="java.specification.name" value="Java Platform API Specification"/>
    <property name="java.awt.graphicsenv" value="sun.awt.Win32GraphicsEnvironment"/>
    <property name="surefire.real.class.path" value="C:\Users\jun\AppData\Local\Temp\surefire8781003355652992519\surefirebooter3276197679154893863.jar"/>
    <property name="sun.boot.class.path" value="F:\jdk1.8.0_171\jre\lib\resources.jar;F:\jdk1.8.0_171\jre\lib\rt.jar;F:\jdk1.8.0_171\jre\lib\sunrsasign.jar;F:\jdk1.8.0_171\jre\lib\jsse.jar;F:\jdk1.8.0_171\jre\lib\jce.jar;F:\jdk1.8.0_171\jre\lib\charsets.jar;F:\jdk1.8.0_171\jre\lib\jfr.jar;F:\jdk1.8.0_171\jre\classes"/>
    <property name="user.script" value=""/>
    <property name="sun.management.compiler" value="HotSpot 64-Bit Tiered Compilers"/>
    <property name="java.runtime.version" value="1.8.0_171-b11"/>
    <property name="user.name" value="jun"/>
    <property name="path.separator" value=";"/>
    <property name="os.version" value="10.0"/>
    <property name="java.endorsed.dirs" value="F:\jdk1.8.0_171\jre\lib\endorsed"/>
    <property name="java.runtime.name" value="Java(TM) SE Runtime Environment"/>
    <property name="file.encoding" value="GBK"/>
    <property name="java.vm.name" value="Java HotSpot(TM) 64-Bit Server VM"/>
    <property name="localRepository" value="F:\zhishu\repository"/>
    <property name="java.vendor.url.bug" value="http://bugreport.sun.com/bugreport/"/>
    <property name="java.io.tmpdir" value="C:\Users\jun\AppData\Local\Temp\"/>
    <property name="idea.version" value="2018.2.7"/>
    <property name="java.version" value="1.8.0_171"/>
    <property name="user.dir" value="F:\zhishu\jiuyoujueyu"/>
    <property name="os.arch" value="amd64"/>
    <property name="java.vm.specification.name" value="Java Virtual Machine Specification"/>
    <property name="java.awt.printerjob" value="sun.awt.windows.WPrinterJob"/>
    <property name="sun.os.patch.level" value=""/>
    <property name="java.library.path" value="F:\jdk1.8.0_171\jre\bin;C:\WINDOWS\Sun\Java\bin;C:\WINDOWS\system32;C:\WINDOWS;F:\jdk1.8.0_171\jre\bin;C:\Program Files (x86)\Razer Chroma SDK\bin;C:\Program Files\Razer Chroma SDK\bin;C:\WINDOWS\system32;C:\WINDOWS;C:\WINDOWS\System32\Wbem;C:\WINDOWS\System32\WindowsPowerShell\v1.0\;C:\Program Files (x86)\NVIDIA Corporation\PhysX\Common;C:\Users\jun\AppData\Local\Programs\Fiddler;C:\Users\jun\AppData\Local\Microsoft\WindowsApps;C:\WINDOWS\system32;C:\WINDOWS;C:\WINDOWS\System32\Wbem;C:\WINDOWS\System32\WindowsPowerShell\v1.0\;C:\WINDOWS\System32\OpenSSH\;C:\Program Files\MySQL\MySQL Server 5.5\bin;C:\Program Files\NVIDIA Corporation\NVIDIA NvDLISR;E:\software\Git\cmd;C:\Program Files\MySQL\MySQL Shell 8.0\bin\;."/>
    <property name="java.vm.info" value="mixed mode"/>
    <property name="java.vendor" value="Oracle Corporation"/>
    <property name="java.vm.version" value="25.171-b11"/>
    <property name="java.ext.dirs" value="F:\jdk1.8.0_171\jre\lib\ext;C:\WINDOWS\Sun\Java\lib\ext"/>
    <property name="sun.io.unicode.encoding" value="UnicodeLittle"/>
    <property name="maven.repo.local" value="F:\zhishu\repository"/>
    <property name="java.class.version" value="52.0"/>
  </properties>
  <testcase name="initializationError" classname="cn.zhishu.finance.creaditcard.query.BaseTest" time="0.006">
    <error message="No runnable methods" type="java.lang.Exception">java.lang.Exception: No runnable methods
</error>
  </testcase>
</testsuite>